<?xml version="1.0" encoding="UTF-8"?>
<testng-results skipped="0" failed="0" ignored="0" total="1" passed="1">
  <reporter-output>
  </reporter-output>
  <suite name="Default suite" duration-ms="20556" started-at="2019-12-05T05:11:05Z" finished-at="2019-12-05T05:11:25Z">
    <groups>
    </groups>
    <test name="Default test" duration-ms="20556" started-at="2019-12-05T05:11:05Z" finished-at="2019-12-05T05:11:25Z">
      <class name="test.Online_Shopping">
        <test-method status="PASS" signature="login()[pri:0, instance:test.Online_Shopping@6767c1fc]" name="login" duration-ms="20486" started-at="2019-12-05T05:11:05Z" finished-at="2019-12-05T05:11:25Z">
          <reporter-output>
          </reporter-output>
        </test-method> <!-- login -->
      </class> <!-- test.Online_Shopping -->
    </test> <!-- Default test -->
  </suite> <!-- Default suite -->
</testng-results>
